[14-Jun-2016 03:45:29] NOTICE: fpm is running, pid 219
[14-Jun-2016 03:45:29] NOTICE: ready to handle connections
[14-Jun-2016 03:45:32] NOTICE: Terminating ...
[14-Jun-2016 03:45:32] NOTICE: exiting, bye-bye!
[14-Jun-2016 03:47:05] NOTICE: fpm is running, pid 222
[14-Jun-2016 03:47:05] NOTICE: ready to handle connections
[14-Jun-2016 03:47:08] NOTICE: Terminating ...
[14-Jun-2016 03:47:08] NOTICE: exiting, bye-bye!
[14-Jun-2016 03:48:05] NOTICE: fpm is running, pid 222
[14-Jun-2016 03:48:05] NOTICE: ready to handle connections
[14-Jun-2016 03:48:07] NOTICE: Terminating ...
[14-Jun-2016 03:48:07] NOTICE: exiting, bye-bye!
[14-Jun-2016 03:48:24] NOTICE: fpm is running, pid 222
[14-Jun-2016 03:48:24] NOTICE: ready to handle connections
[14-Jun-2016 03:48:26] NOTICE: Terminating ...
[14-Jun-2016 03:48:26] NOTICE: exiting, bye-bye!
[14-Jun-2016 03:51:33] NOTICE: fpm is running, pid 222
[14-Jun-2016 03:51:33] NOTICE: ready to handle connections
[14-Jun-2016 03:51:35] NOTICE: Terminating ...
[14-Jun-2016 03:51:35] NOTICE: exiting, bye-bye!
[14-Jun-2016 03:51:55] NOTICE: fpm is running, pid 222
[14-Jun-2016 03:51:55] NOTICE: ready to handle connections
[14-Jun-2016 03:51:57] NOTICE: Terminating ...
[14-Jun-2016 03:51:57] NOTICE: exiting, bye-bye!
[14-Jun-2016 03:52:04] NOTICE: fpm is running, pid 222
[14-Jun-2016 03:52:04] NOTICE: ready to handle connections
[14-Jun-2016 03:52:07] NOTICE: Terminating ...
[14-Jun-2016 03:52:07] NOTICE: exiting, bye-bye!
[14-Jun-2016 03:59:49] NOTICE: fpm is running, pid 222
[14-Jun-2016 03:59:49] NOTICE: ready to handle connections
[14-Jun-2016 03:59:52] NOTICE: Terminating ...
[14-Jun-2016 03:59:52] NOTICE: exiting, bye-bye!
[14-Jun-2016 04:00:56] NOTICE: fpm is running, pid 222
[14-Jun-2016 04:00:56] NOTICE: ready to handle connections
[14-Jun-2016 04:00:58] NOTICE: Terminating ...
[14-Jun-2016 04:00:58] NOTICE: exiting, bye-bye!
[14-Jun-2016 04:03:03] NOTICE: fpm is running, pid 219
[14-Jun-2016 04:03:03] NOTICE: ready to handle connections
[14-Jun-2016 04:06:01] NOTICE: Terminating ...
[14-Jun-2016 04:06:01] NOTICE: exiting, bye-bye!
[14-Jun-2016 04:06:18] NOTICE: fpm is running, pid 219
[14-Jun-2016 04:06:18] NOTICE: ready to handle connections
[14-Jun-2016 04:06:21] NOTICE: Terminating ...
[14-Jun-2016 04:06:21] NOTICE: exiting, bye-bye!
[14-Jun-2016 04:06:54] NOTICE: fpm is running, pid 222
[14-Jun-2016 04:06:54] NOTICE: ready to handle connections
[14-Jun-2016 04:06:57] NOTICE: Terminating ...
[14-Jun-2016 04:06:57] NOTICE: exiting, bye-bye!
[14-Jun-2016 04:07:25] NOTICE: fpm is running, pid 219
[14-Jun-2016 04:07:25] NOTICE: ready to handle connections
[14-Jun-2016 04:10:45] NOTICE: Terminating ...
[14-Jun-2016 04:10:45] NOTICE: exiting, bye-bye!
[14-Jun-2016 04:11:04] NOTICE: fpm is running, pid 219
[14-Jun-2016 04:11:04] NOTICE: ready to handle connections
[14-Jun-2016 04:11:18] NOTICE: Terminating ...
[14-Jun-2016 04:11:18] NOTICE: exiting, bye-bye!
[14-Jun-2016 04:11:36] NOTICE: fpm is running, pid 219
[14-Jun-2016 04:11:36] NOTICE: ready to handle connections
[14-Jun-2016 04:11:43] WARNING: [pool www] child 223 said into stderr: "ERROR: Unable to open primary script: /var/www/html/index.php (No such file or directory)"
[14-Jun-2016 04:11:47] WARNING: [pool www] child 224 said into stderr: "ERROR: Unable to open primary script: /var/www/html/index.php (No such file or directory)"
[14-Jun-2016 04:15:15] NOTICE: Terminating ...
[14-Jun-2016 04:15:15] NOTICE: exiting, bye-bye!
[14-Jun-2016 04:15:31] NOTICE: fpm is running, pid 220
[14-Jun-2016 04:15:31] NOTICE: ready to handle connections
[14-Jun-2016 04:15:37] WARNING: [pool www] child 225 said into stderr: "ERROR: Unable to open primary script: /var/www/html/index.php (No such file or directory)"
[14-Jun-2016 04:15:38] WARNING: [pool www] child 224 said into stderr: "ERROR: Unable to open primary script: /var/www/html/index.php (No such file or directory)"
[14-Jun-2016 04:15:39] WARNING: [pool www] child 223 said into stderr: "ERROR: Unable to open primary script: /var/www/html/index.php (No such file or directory)"
[14-Jun-2016 04:15:39] WARNING: [pool www] child 225 said into stderr: "ERROR: Unable to open primary script: /var/www/html/index.php (No such file or directory)"
[14-Jun-2016 04:15:39] WARNING: [pool www] child 224 said into stderr: "ERROR: Unable to open primary script: /var/www/html/index.php (No such file or directory)"
[14-Jun-2016 04:15:46] WARNING: [pool www] child 223 said into stderr: "ERROR: Unable to open primary script: /var/www/html/index.php (No such file or directory)"
[14-Jun-2016 04:16:17] WARNING: [pool www] child 225 said into stderr: "ERROR: Unable to open primary script: /var/www/html/index.php (No such file or directory)"
[14-Jun-2016 04:16:17] WARNING: [pool www] child 224 said into stderr: "ERROR: Unable to open primary script: /var/www/html/index.php (No such file or directory)"
[14-Jun-2016 04:16:18] WARNING: [pool www] child 223 said into stderr: "ERROR: Unable to open primary script: /var/www/html/index.php (No such file or directory)"
[14-Jun-2016 04:16:18] WARNING: [pool www] child 225 said into stderr: "ERROR: Unable to open primary script: /var/www/html/index.php (No such file or directory)"
[14-Jun-2016 04:16:19] WARNING: [pool www] child 224 said into stderr: "ERROR: Unable to open primary script: /var/www/html/index.php (No such file or directory)"
[14-Jun-2016 04:16:29] WARNING: [pool www] child 223 said into stderr: "ERROR: Unable to open primary script: /var/www/html/index.php (No such file or directory)"
[14-Jun-2016 04:18:01] NOTICE: Terminating ...
[14-Jun-2016 04:18:01] NOTICE: exiting, bye-bye!
[14-Jun-2016 04:19:31] NOTICE: fpm is running, pid 219
[14-Jun-2016 04:19:31] NOTICE: ready to handle connections
[14-Jun-2016 04:25:33] NOTICE: Terminating ...
[14-Jun-2016 04:25:33] NOTICE: exiting, bye-bye!
[14-Jun-2016 04:27:12] NOTICE: fpm is running, pid 219
[14-Jun-2016 04:27:12] NOTICE: ready to handle connections
[14-Jun-2016 04:33:41] NOTICE: Terminating ...
[14-Jun-2016 04:33:41] NOTICE: exiting, bye-bye!
[14-Jun-2016 04:34:36] NOTICE: fpm is running, pid 219
[14-Jun-2016 04:34:36] NOTICE: ready to handle connections
[14-Jun-2016 04:34:48] WARNING: [pool www] child 223 said into stderr: "NOTICE: PHP message: PHP Warning:  session_start(): open(/var/lib/php7/sessions/sess_ruaia17pd37973rub95oes8me2, O_RDWR) failed: No such file or directory (2) in /var/www/html/adminer.php on line 159"
[14-Jun-2016 04:34:48] WARNING: [pool www] child 223 said into stderr: "NOTICE: PHP message: PHP Warning:  Unknown: open(/var/lib/php7/sessions/sess_ruaia17pd37973rub95oes8me2, O_RDWR) failed: No such file or directory (2) in Unknown on line 0"
[14-Jun-2016 04:34:48] WARNING: [pool www] child 223 said into stderr: "NOTICE: PHP message: PHP Warning:  Unknown: Failed to write session data (files). Please verify that the current setting of session.save_path is correct (/var/lib/php7/sessions) in Unknown on line 0"
[14-Jun-2016 04:35:55] WARNING: [pool www] child 223 said into stderr: "NOTICE: PHP message: PHP Warning:  session_start(): open(/var/lib/php7/sessions/sess_ruaia17pd37973rub95oes8me2, O_RDWR) failed: No such file or directory (2) in /var/www/html/adminer.php on line 159"
[14-Jun-2016 04:35:55] WARNING: [pool www] child 223 said into stderr: "NOTICE: PHP message: PHP Warning:  Unknown: open(/var/lib/php7/sessions/sess_ruaia17pd37973rub95oes8me2, O_RDWR) failed: No such file or directory (2) in Unknown on line 0"
[14-Jun-2016 04:35:55] WARNING: [pool www] child 223 said into stderr: "NOTICE: PHP message: PHP Warning:  Unknown: Failed to write session data (files). Please verify that the current setting of session.save_path is correct (/var/lib/php7/sessions) in Unknown on line 0"
[14-Jun-2016 04:35:56] WARNING: [pool www] child 223 said into stderr: "NOTICE: PHP message: PHP Warning:  session_start(): open(/var/lib/php7/sessions/sess_ruaia17pd37973rub95oes8me2, O_RDWR) failed: No such file or directory (2) in /var/www/html/adminer.php on line 159"
[14-Jun-2016 04:35:56] WARNING: [pool www] child 223 said into stderr: "NOTICE: PHP message: PHP Warning:  Unknown: open(/var/lib/php7/sessions/sess_ruaia17pd37973rub95oes8me2, O_RDWR) failed: No such file or directory (2) in Unknown on line 0"
[14-Jun-2016 04:35:56] WARNING: [pool www] child 223 said into stderr: "NOTICE: PHP message: PHP Warning:  Unknown: Failed to write session data (files). Please verify that the current setting of session.save_path is correct (/var/lib/php7/sessions) in Unknown on line 0"
[14-Jun-2016 04:35:56] WARNING: [pool www] child 223 said into stderr: "NOTICE: PHP message: PHP Warning:  session_start(): open(/var/lib/php7/sessions/sess_ruaia17pd37973rub95oes8me2, O_RDWR) failed: No such file or directory (2) in /var/www/html/adminer.php on line 159"
[14-Jun-2016 04:35:56] WARNING: [pool www] child 223 said into stderr: "NOTICE: PHP message: PHP Warning:  Unknown: open(/var/lib/php7/sessions/sess_ruaia17pd37973rub95oes8me2, O_RDWR) failed: No such file or directory (2) in Unknown on line 0"
[14-Jun-2016 04:35:56] WARNING: [pool www] child 223 said into stderr: "NOTICE: PHP message: PHP Warning:  Unknown: Failed to write session data (files). Please verify that the current setting of session.save_path is correct (/var/lib/php7/sessions) in Unknown on line 0"
[14-Jun-2016 04:35:59] WARNING: [pool www] child 223 said into stderr: "NOTICE: PHP message: PHP Warning:  session_start(): open(/var/lib/php7/sessions/sess_ruaia17pd37973rub95oes8me2, O_RDWR) failed: No such file or directory (2) in /var/www/html/adminer.php on line 159"
[14-Jun-2016 04:35:59] WARNING: [pool www] child 223 said into stderr: "NOTICE: PHP message: PHP Warning:  Unknown: open(/var/lib/php7/sessions/sess_ruaia17pd37973rub95oes8me2, O_RDWR) failed: No such file or directory (2) in Unknown on line 0"
[14-Jun-2016 04:35:59] WARNING: [pool www] child 223 said into stderr: "NOTICE: PHP message: PHP Warning:  Unknown: Failed to write session data (files). Please verify that the current setting of session.save_path is correct (/var/lib/php7/sessions) in Unknown on line 0"
[14-Jun-2016 04:35:59] WARNING: [pool www] child 223 said into stderr: "NOTICE: PHP message: PHP Warning:  session_start(): open(/var/lib/php7/sessions/sess_ruaia17pd37973rub95oes8me2, O_RDWR) failed: No such file or directory (2) in /var/www/html/adminer.php on line 159"
[14-Jun-2016 04:35:59] WARNING: [pool www] child 223 said into stderr: "NOTICE: PHP message: PHP Warning:  Unknown: open(/var/lib/php7/sessions/sess_ruaia17pd37973rub95oes8me2, O_RDWR) failed: No such file or directory (2) in Unknown on line 0"
[14-Jun-2016 04:35:59] WARNING: [pool www] child 223 said into stderr: "NOTICE: PHP message: PHP Warning:  Unknown: Failed to write session data (files). Please verify that the current setting of session.save_path is correct (/var/lib/php7/sessions) in Unknown on line 0"
[14-Jun-2016 04:36:11] WARNING: [pool www] child 223 said into stderr: "NOTICE: PHP message: PHP Warning:  session_start(): open(/var/lib/php7/sessions/sess_ruaia17pd37973rub95oes8me2, O_RDWR) failed: No such file or directory (2) in /var/www/html/adminer.php on line 159"
[14-Jun-2016 04:36:11] WARNING: [pool www] child 223 said into stderr: "NOTICE: PHP message: PHP Warning:  Unknown: open(/var/lib/php7/sessions/sess_ruaia17pd37973rub95oes8me2, O_RDWR) failed: No such file or directory (2) in Unknown on line 0"
[14-Jun-2016 04:36:12] WARNING: [pool www] child 223 said into stderr: "NOTICE: PHP message: PHP Warning:  Unknown: Failed to write session data (files). Please verify that the current setting of session.save_path is correct (/var/lib/php7/sessions) in Unknown on line 0"
[14-Jun-2016 04:36:12] WARNING: [pool www] child 223 said into stderr: "NOTICE: PHP message: PHP Warning:  session_start(): open(/var/lib/php7/sessions/sess_ruaia17pd37973rub95oes8me2, O_RDWR) failed: No such file or directory (2) in /var/www/html/adminer.php on line 159"
[14-Jun-2016 04:36:12] WARNING: [pool www] child 223 said into stderr: "NOTICE: PHP message: PHP Warning:  Unknown: open(/var/lib/php7/sessions/sess_ruaia17pd37973rub95oes8me2, O_RDWR) failed: No such file or directory (2) in Unknown on line 0"
[14-Jun-2016 04:36:12] WARNING: [pool www] child 223 said into stderr: "NOTICE: PHP message: PHP Warning:  Unknown: Failed to write session data (files). Please verify that the current setting of session.save_path is correct (/var/lib/php7/sessions) in Unknown on line 0"
[14-Jun-2016 04:36:12] WARNING: [pool www] child 223 said into stderr: "NOTICE: PHP message: PHP Warning:  session_start(): open(/var/lib/php7/sessions/sess_ruaia17pd37973rub95oes8me2, O_RDWR) failed: No such file or directory (2) in /var/www/html/adminer.php on line 159"
[14-Jun-2016 04:36:12] WARNING: [pool www] child 223 said into stderr: "NOTICE: PHP message: PHP Warning:  Unknown: open(/var/lib/php7/sessions/sess_ruaia17pd37973rub95oes8me2, O_RDWR) failed: No such file or directory (2) in Unknown on line 0"
[14-Jun-2016 04:36:12] WARNING: [pool www] child 223 said into stderr: "NOTICE: PHP message: PHP Warning:  Unknown: Failed to write session data (files). Please verify that the current setting of session.save_path is correct (/var/lib/php7/sessions) in Unknown on line 0"
[14-Jun-2016 04:36:13] WARNING: [pool www] child 223 said into stderr: "NOTICE: PHP message: PHP Warning:  session_start(): open(/var/lib/php7/sessions/sess_ruaia17pd37973rub95oes8me2, O_RDWR) failed: No such file or directory (2) in /var/www/html/adminer.php on line 159"
[14-Jun-2016 04:36:13] WARNING: [pool www] child 223 said into stderr: "NOTICE: PHP message: PHP Warning:  Unknown: open(/var/lib/php7/sessions/sess_ruaia17pd37973rub95oes8me2, O_RDWR) failed: No such file or directory (2) in Unknown on line 0"
[14-Jun-2016 04:36:13] WARNING: [pool www] child 223 said into stderr: "NOTICE: PHP message: PHP Warning:  Unknown: Failed to write session data (files). Please verify that the current setting of session.save_path is correct (/var/lib/php7/sessions) in Unknown on line 0"
[14-Jun-2016 04:36:14] WARNING: [pool www] child 223 said into stderr: "NOTICE: PHP message: PHP Warning:  session_start(): open(/var/lib/php7/sessions/sess_ruaia17pd37973rub95oes8me2, O_RDWR) failed: No such file or directory (2) in /var/www/html/adminer.php on line 159"
[14-Jun-2016 04:36:14] WARNING: [pool www] child 223 said into stderr: "NOTICE: PHP message: PHP Warning:  Unknown: open(/var/lib/php7/sessions/sess_ruaia17pd37973rub95oes8me2, O_RDWR) failed: No such file or directory (2) in Unknown on line 0"
[14-Jun-2016 04:36:14] WARNING: [pool www] child 223 said into stderr: "NOTICE: PHP message: PHP Warning:  Unknown: Failed to write session data (files). Please verify that the current setting of session.save_path is correct (/var/lib/php7/sessions) in Unknown on line 0"
[14-Jun-2016 04:36:16] WARNING: [pool www] child 223 said into stderr: "NOTICE: PHP message: PHP Warning:  session_start(): open(/var/lib/php7/sessions/sess_ruaia17pd37973rub95oes8me2, O_RDWR) failed: No such file or directory (2) in /var/www/html/adminer.php on line 159"
[14-Jun-2016 04:36:16] WARNING: [pool www] child 223 said into stderr: "NOTICE: PHP message: PHP Warning:  Unknown: open(/var/lib/php7/sessions/sess_ruaia17pd37973rub95oes8me2, O_RDWR) failed: No such file or directory (2) in Unknown on line 0"
[14-Jun-2016 04:36:16] WARNING: [pool www] child 223 said into stderr: "NOTICE: PHP message: PHP Warning:  Unknown: Failed to write session data (files). Please verify that the current setting of session.save_path is correct (/var/lib/php7/sessions) in Unknown on line 0"
[14-Jun-2016 04:36:17] WARNING: [pool www] child 224 said into stderr: "NOTICE: PHP message: PHP Warning:  session_start(): open(/var/lib/php7/sessions/sess_ruaia17pd37973rub95oes8me2, O_RDWR) failed: No such file or directory (2) in /var/www/html/adminer.php on line 159"
[14-Jun-2016 04:36:17] WARNING: [pool www] child 224 said into stderr: "NOTICE: PHP message: PHP Warning:  session_regenerate_id(): open(/var/lib/php7/sessions/sess_ruaia17pd37973rub95oes8me2, O_RDWR) failed: No such file or directory (2) in /var/www/html/adminer.php on line 517"
[14-Jun-2016 04:36:17] WARNING: [pool www] child 224 said into stderr: "NOTICE: PHP message: PHP Warning:  session_regenerate_id(): Session write failed. ID: files (path: /var/lib/php7/sessions) in /var/www/html/adminer.php on line 517"
[14-Jun-2016 04:36:17] WARNING: [pool www] child 222 said into stderr: "NOTICE: PHP message: PHP Warning:  session_start(): open(/var/lib/php7/sessions/sess_ruaia17pd37973rub95oes8me2, O_RDWR) failed: No such file or directory (2) in /var/www/html/adminer.php on line 159"
[14-Jun-2016 04:36:17] WARNING: [pool www] child 222 said into stderr: "NOTICE: PHP message: PHP Warning:  Unknown: open(/var/lib/php7/sessions/sess_ruaia17pd37973rub95oes8me2, O_RDWR) failed: No such file or directory (2) in Unknown on line 0"
[14-Jun-2016 04:36:17] WARNING: [pool www] child 222 said into stderr: "NOTICE: PHP message: PHP Warning:  Unknown: Failed to write session data (files). Please verify that the current setting of session.save_path is correct (/var/lib/php7/sessions) in Unknown on line 0"
[14-Jun-2016 04:36:22] WARNING: [pool www] child 223 said into stderr: "NOTICE: PHP message: PHP Warning:  session_start(): open(/var/lib/php7/sessions/sess_ruaia17pd37973rub95oes8me2, O_RDWR) failed: No such file or directory (2) in /var/www/html/adminer.php on line 159"
[14-Jun-2016 04:36:22] WARNING: [pool www] child 223 said into stderr: "NOTICE: PHP message: PHP Warning:  Unknown: open(/var/lib/php7/sessions/sess_ruaia17pd37973rub95oes8me2, O_RDWR) failed: No such file or directory (2) in Unknown on line 0"
[14-Jun-2016 04:36:22] WARNING: [pool www] child 223 said into stderr: "NOTICE: PHP message: PHP Warning:  Unknown: Failed to write session data (files). Please verify that the current setting of session.save_path is correct (/var/lib/php7/sessions) in Unknown on line 0"
[14-Jun-2016 04:36:25] WARNING: [pool www] child 223 said into stderr: "NOTICE: PHP message: PHP Warning:  session_start(): open(/var/lib/php7/sessions/sess_ruaia17pd37973rub95oes8me2, O_RDWR) failed: No such file or directory (2) in /var/www/html/adminer.php on line 159"
[14-Jun-2016 04:36:25] WARNING: [pool www] child 223 said into stderr: "NOTICE: PHP message: PHP Warning:  Unknown: open(/var/lib/php7/sessions/sess_ruaia17pd37973rub95oes8me2, O_RDWR) failed: No such file or directory (2) in Unknown on line 0"
[14-Jun-2016 04:36:25] WARNING: [pool www] child 223 said into stderr: "NOTICE: PHP message: PHP Warning:  Unknown: Failed to write session data (files). Please verify that the current setting of session.save_path is correct (/var/lib/php7/sessions) in Unknown on line 0"
[14-Jun-2016 04:36:28] WARNING: [pool www] child 224 said into stderr: "NOTICE: PHP message: PHP Warning:  session_start(): open(/var/lib/php7/sessions/sess_ruaia17pd37973rub95oes8me2, O_RDWR) failed: No such file or directory (2) in /var/www/html/adminer.php on line 159"
[14-Jun-2016 04:36:28] WARNING: [pool www] child 224 said into stderr: "NOTICE: PHP message: PHP Warning:  Unknown: open(/var/lib/php7/sessions/sess_ruaia17pd37973rub95oes8me2, O_RDWR) failed: No such file or directory (2) in Unknown on line 0"
[14-Jun-2016 04:36:28] WARNING: [pool www] child 224 said into stderr: "NOTICE: PHP message: PHP Warning:  Unknown: Failed to write session data (files). Please verify that the current setting of session.save_path is correct (/var/lib/php7/sessions) in Unknown on line 0"
[14-Jun-2016 04:36:32] WARNING: [pool www] child 222 said into stderr: "NOTICE: PHP message: PHP Warning:  session_start(): open(/var/lib/php7/sessions/sess_ruaia17pd37973rub95oes8me2, O_RDWR) failed: No such file or directory (2) in /var/www/html/adminer.php on line 159"
[14-Jun-2016 04:36:32] WARNING: [pool www] child 222 said into stderr: "NOTICE: PHP message: PHP Warning:  session_regenerate_id(): open(/var/lib/php7/sessions/sess_ruaia17pd37973rub95oes8me2, O_RDWR) failed: No such file or directory (2) in /var/www/html/adminer.php on line 517"
[14-Jun-2016 04:36:32] WARNING: [pool www] child 222 said into stderr: "NOTICE: PHP message: PHP Warning:  session_regenerate_id(): Session write failed. ID: files (path: /var/lib/php7/sessions) in /var/www/html/adminer.php on line 517"
[14-Jun-2016 04:36:32] WARNING: [pool www] child 223 said into stderr: "NOTICE: PHP message: PHP Warning:  session_start(): open(/var/lib/php7/sessions/sess_ruaia17pd37973rub95oes8me2, O_RDWR) failed: No such file or directory (2) in /var/www/html/adminer.php on line 159"
[14-Jun-2016 04:36:32] WARNING: [pool www] child 223 said into stderr: "NOTICE: PHP message: PHP Warning:  Unknown: open(/var/lib/php7/sessions/sess_ruaia17pd37973rub95oes8me2, O_RDWR) failed: No such file or directory (2) in Unknown on line 0"
[14-Jun-2016 04:36:32] WARNING: [pool www] child 223 said into stderr: "NOTICE: PHP message: PHP Warning:  Unknown: Failed to write session data (files). Please verify that the current setting of session.save_path is correct (/var/lib/php7/sessions) in Unknown on line 0"
[14-Jun-2016 04:38:24] NOTICE: Terminating ...
[14-Jun-2016 04:38:24] NOTICE: exiting, bye-bye!
[14-Jun-2016 04:38:28] NOTICE: fpm is running, pid 219
[14-Jun-2016 04:38:28] NOTICE: ready to handle connections
[14-Jun-2016 04:41:08] NOTICE: Terminating ...
[14-Jun-2016 04:41:08] NOTICE: exiting, bye-bye!
[14-Jun-2016 04:41:12] NOTICE: fpm is running, pid 219
[14-Jun-2016 04:41:12] NOTICE: ready to handle connections
[14-Jun-2016 04:46:41] NOTICE: Terminating ...
[14-Jun-2016 04:46:41] NOTICE: exiting, bye-bye!
[14-Jun-2016 04:46:45] NOTICE: fpm is running, pid 219
[14-Jun-2016 04:46:45] NOTICE: ready to handle connections
[14-Jun-2016 04:51:59] NOTICE: Terminating ...
[14-Jun-2016 04:51:59] NOTICE: exiting, bye-bye!
[14-Jun-2016 04:52:15] NOTICE: fpm is running, pid 219
[14-Jun-2016 04:52:15] NOTICE: ready to handle connections
[14-Jun-2016 04:53:20] NOTICE: Terminating ...
[14-Jun-2016 04:53:20] NOTICE: exiting, bye-bye!
[14-Jun-2016 04:53:35] NOTICE: fpm is running, pid 219
[14-Jun-2016 04:53:35] NOTICE: ready to handle connections
[14-Jun-2016 04:56:31] NOTICE: Terminating ...
[14-Jun-2016 04:56:31] NOTICE: exiting, bye-bye!
[14-Jun-2016 04:56:45] NOTICE: fpm is running, pid 219
[14-Jun-2016 04:56:45] NOTICE: ready to handle connections
[14-Jun-2016 04:57:14] NOTICE: Terminating ...
[14-Jun-2016 04:57:14] NOTICE: exiting, bye-bye!
[14-Jun-2016 04:57:25] NOTICE: fpm is running, pid 220
[14-Jun-2016 04:57:25] NOTICE: ready to handle connections
[14-Jun-2016 04:58:21] NOTICE: Terminating ...
[14-Jun-2016 04:58:21] NOTICE: exiting, bye-bye!
[14-Jun-2016 04:58:25] NOTICE: fpm is running, pid 219
[14-Jun-2016 04:58:25] NOTICE: ready to handle connections
[14-Jun-2016 04:59:11] NOTICE: Terminating ...
[14-Jun-2016 04:59:11] NOTICE: exiting, bye-bye!
[14-Jun-2016 04:59:15] NOTICE: fpm is running, pid 219
[14-Jun-2016 04:59:15] NOTICE: ready to handle connections
[14-Jun-2016 04:59:33] NOTICE: Terminating ...
[14-Jun-2016 04:59:33] NOTICE: exiting, bye-bye!
[14-Jun-2016 04:59:37] NOTICE: fpm is running, pid 219
[14-Jun-2016 04:59:37] NOTICE: ready to handle connections
[14-Jun-2016 05:02:03] NOTICE: Terminating ...
[14-Jun-2016 05:02:03] NOTICE: exiting, bye-bye!
[14-Jun-2016 05:02:07] NOTICE: fpm is running, pid 219
[14-Jun-2016 05:02:07] NOTICE: ready to handle connections
[14-Jun-2016 05:09:56] NOTICE: Terminating ...
[14-Jun-2016 05:09:56] NOTICE: exiting, bye-bye!
[14-Jun-2016 05:09:59] NOTICE: fpm is running, pid 219
[14-Jun-2016 05:09:59] NOTICE: ready to handle connections
[14-Jun-2016 05:10:43] NOTICE: Terminating ...
[14-Jun-2016 05:10:43] NOTICE: exiting, bye-bye!
[14-Jun-2016 05:10:47] NOTICE: fpm is running, pid 219
[14-Jun-2016 05:10:47] NOTICE: ready to handle connections
[14-Jun-2016 05:11:03] NOTICE: Terminating ...
[14-Jun-2016 05:11:03] NOTICE: exiting, bye-bye!
[14-Jun-2016 05:11:07] NOTICE: fpm is running, pid 219
[14-Jun-2016 05:11:07] NOTICE: ready to handle connections
[14-Jun-2016 05:14:19] NOTICE: Terminating ...
[14-Jun-2016 05:14:19] NOTICE: exiting, bye-bye!
[14-Jun-2016 05:14:23] NOTICE: fpm is running, pid 219
[14-Jun-2016 05:14:23] NOTICE: ready to handle connections
[14-Jun-2016 05:22:45] NOTICE: Terminating ...
[14-Jun-2016 05:22:45] NOTICE: exiting, bye-bye!
[14-Jun-2016 05:22:49] NOTICE: fpm is running, pid 219
[14-Jun-2016 05:22:49] NOTICE: ready to handle connections
[14-Jun-2016 05:29:24] NOTICE: Terminating ...
[14-Jun-2016 05:29:24] NOTICE: exiting, bye-bye!
[14-Jun-2016 05:29:27] NOTICE: fpm is running, pid 219
[14-Jun-2016 05:29:27] NOTICE: ready to handle connections
[14-Jun-2016 05:31:23] NOTICE: Terminating ...
[14-Jun-2016 05:31:23] NOTICE: exiting, bye-bye!
[14-Jun-2016 05:31:27] NOTICE: fpm is running, pid 219
[14-Jun-2016 05:31:27] NOTICE: ready to handle connections
[14-Jun-2016 05:33:45] NOTICE: Terminating ...
[14-Jun-2016 05:33:45] NOTICE: exiting, bye-bye!
[14-Jun-2016 05:33:49] NOTICE: fpm is running, pid 219
[14-Jun-2016 05:33:49] NOTICE: ready to handle connections
[14-Jun-2016 05:34:24] NOTICE: Terminating ...
[14-Jun-2016 05:34:24] NOTICE: exiting, bye-bye!
[14-Jun-2016 05:34:28] NOTICE: fpm is running, pid 219
[14-Jun-2016 05:34:28] NOTICE: ready to handle connections
[14-Jun-2016 05:34:57] NOTICE: Terminating ...
[14-Jun-2016 05:34:57] NOTICE: exiting, bye-bye!
[14-Jun-2016 05:35:01] NOTICE: fpm is running, pid 219
[14-Jun-2016 05:35:01] NOTICE: ready to handle connections
[16-Jun-2016 15:02:34] NOTICE: Terminating ...
[16-Jun-2016 15:02:34] NOTICE: exiting, bye-bye!
[16-Jun-2016 15:03:54] NOTICE: fpm is running, pid 219
[16-Jun-2016 15:03:54] NOTICE: ready to handle connections
